Using pre-set license
Built from '2020.3/staging' branch; Version is '2020.3.11f1 (99c7afb366b3) revision 10078127'; Using compiler version '192528614'; Build Type 'Release'
OS: 'Windows 10 Home Single Language; OS build 19043.1415; Version 2009; 64bit' Language: 'ru' Physical Memory: 8048 MB
BatchMode: 1, IsHumanControllingUs: 0, StartBugReporterOnCrash: 0, Is64bit: 1, IsPro: 0

 COMMAND LINE ARGUMENTS:
D:\Unity\2020.3.11f1\Editor\Unity.exe
-adb2
-batchMode
-noUpm
-name
AssetImportWorker0
-projectPath
D:/Unity/GitHub/Clicker/TapTheVillage
-logFile
Logs/AssetImportWorker0.log
-srvPort
4167
Successfully changed project path to: D:/Unity/GitHub/Clicker/TapTheVillage
D:/Unity/GitHub/Clicker/TapTheVillage
Using Asset Import Pipeline V2.
Refreshing native plugins compatible for Editor in 44.66 ms, found 3 plugins.
Preloading 0 native plugins for Editor in 0.00 ms.
Initialize engine version: 2020.3.11f1 (99c7afb366b3)
[Subsystems] Discovering subsystems at path D:/Unity/2020.3.11f1/Editor/Data/Resources/UnitySubsystems
[Subsystems] Discovering subsystems at path D:/Unity/GitHub/Clicker/TapTheVillage/Assets
GfxDevice: creating device client; threaded=0
Direct3D:
    Version:  Direct3D 11.0 [level 11.1]
    Renderer: NVIDIA GeForce GTX 1050 (ID=0x1c8d)
    Vendor:   
    VRAM:     1979 MB
    Driver:   30.0.14.7247
Initialize mono
Mono path[0] = 'D:/Unity/2020.3.11f1/Editor/Data/Managed'
Mono path[1] = 'D:/Unity/2020.3.11f1/Editor/Data/MonoBleedingEdge/lib/mono/unityjit'
Mono config path = 'D:/Unity/2020.3.11f1/Editor/Data/MonoBleedingEdge/etc'
Using monoOptions --debugger-agent=transport=dt_socket,embedding=1,server=y,suspend=n,address=127.0.0.1:56920
Begin MonoManager ReloadAssembly
Registering precompiled unity dll's ...
Register platform support module: D:/Unity/2020.3.11f1/Editor/Data/PlaybackEngines/WebGLSupport/UnityEditor.WebGL.Extensions.dll
Register platform support module: D:/Unity/2020.3.11f1/Editor/Data/PlaybackEngines/WindowsStandaloneSupport/UnityEditor.WindowsStandalone.Extensions.dll
Registered in 0.003134 seconds.
Native extension for WindowsStandalone target not found
Native extension for WebGL target not found
Refreshing native plugins compatible for Editor in 37.53 ms, found 3 plugins.
Preloading 0 native plugins for Editor in 0.00 ms.
Mono: successfully reloaded assembly
- Completed reload, in  2.017 seconds
Platform modules already initialized, skipping
Registering precompiled user dll's ...
Registered in 0.004616 seconds.
Begin MonoManager ReloadAssembly
Native extension for WindowsStandalone target not found
Native extension for WebGL target not found
Refreshing native plugins compatible for Editor in 42.83 ms, found 3 plugins.
Preloading 0 native plugins for Editor in 0.00 ms.
Mono: successfully reloaded assembly
- Completed reload, in  1.341 seconds
Platform modules already initialized, skipping
========================================================================
Worker process is ready to serve import requests
Launched and connected shader compiler UnityShaderCompiler.exe after 0.08 seconds
Refreshing native plugins compatible for Editor in 0.42 ms, found 3 plugins.
Preloading 0 native plugins for Editor in 0.00 ms.
Unloading 2115 Unused Serialized files (Serialized files now loaded: 0)
System memory in use before: 95.3 MB.
System memory in use after: 95.4 MB.

Unloading 28 unused Assets to reduce memory usage. Loaded Objects now: 2553.
Total: 4.444100 ms (FindLiveObjects: 0.382400 ms CreateObjectMapping: 0.192700 ms MarkObjects: 3.620600 ms  DeleteObjects: 0.246700 ms)

========================================================================
Received Import Request.
  path: Assets/Fonts/Minecraft_Russian_By_Nexon.ttf
  artifactKey: Guid(d8c543b5c8e6fdd40a39cb4fb0401218) Importer(815301076,1909f56bfc062723c751e8b465ee728b)
Start importing Assets/Fonts/Minecraft_Russian_By_Nexon.ttf using Guid(d8c543b5c8e6fdd40a39cb4fb0401218) Importer(815301076,1909f56bfc062723c751e8b465ee728b)  -> (artifact id: 'a84807acb0d3636034a92d239e8a4697') in 0.522940 seconds
  Import took 0.526462 seconds .

========================================================================
Received Import Request.
  Time since last request: 0.000385 seconds.
  path: Assets/Fonts/Mi.asset
  artifactKey: Guid(4113c94fd1579b14f9548a3511cd4500) Importer(815301076,1909f56bfc062723c751e8b465ee728b)
Start importing Assets/Fonts/Mi.asset using Guid(4113c94fd1579b14f9548a3511cd4500) Importer(815301076,1909f56bfc062723c751e8b465ee728b)  -> (artifact id: '4b517c91b550bf17cf344b3d46497068') in 0.205752 seconds
  Import took 0.208870 seconds .

========================================================================
Received Import Request.
  Time since last request: 0.000331 seconds.
  path: Assets/Fonts/Mi 1.asset
  artifactKey: Guid(3bedd57f687ba9546995425768427f9c) Importer(815301076,1909f56bfc062723c751e8b465ee728b)
Start importing Assets/Fonts/Mi 1.asset using Guid(3bedd57f687ba9546995425768427f9c) Importer(815301076,1909f56bfc062723c751e8b465ee728b)  -> (artifact id: 'bab3ab1894dde2bf966d233c3a93bb8e') in 0.094457 seconds
  Import took 0.098321 seconds .

========================================================================
Received Import Request.
  Time since last request: 0.000354 seconds.
  path: Assets/Fonts/lunchds.ttf
  artifactKey: Guid(c17325ebaa8e92642907c9492bc1b52f) Importer(815301076,1909f56bfc062723c751e8b465ee728b)
Start importing Assets/Fonts/lunchds.ttf using Guid(c17325ebaa8e92642907c9492bc1b52f) Importer(815301076,1909f56bfc062723c751e8b465ee728b)  -> (artifact id: '85a2c1c7e20c591919a8820cfaf85784') in 0.039915 seconds
  Import took 0.043737 seconds .

========================================================================
Received Import Request.
  Time since last request: 0.000351 seconds.
  path: Assets/Fonts/FreePixel.ttf
  artifactKey: Guid(2573183a11e94bf4d987c324959a3e24) Importer(815301076,1909f56bfc062723c751e8b465ee728b)
Start importing Assets/Fonts/FreePixel.ttf using Guid(2573183a11e94bf4d987c324959a3e24) Importer(815301076,1909f56bfc062723c751e8b465ee728b)  -> (artifact id: 'bd786b6a8dc46989f73ababed4ef83bc') in 0.012188 seconds
  Import took 0.015596 seconds .

========================================================================
Received Import Request.
  Time since last request: 0.000333 seconds.
  path: Assets/Fonts/19888.ttf
  artifactKey: Guid(19dc259105dde634db3894d3b41ed7c6) Importer(815301076,1909f56bfc062723c751e8b465ee728b)
Start importing Assets/Fonts/19888.ttf using Guid(19dc259105dde634db3894d3b41ed7c6) Importer(815301076,1909f56bfc062723c751e8b465ee728b)  -> (artifact id: '10eb9ad8c618b4a9f910ecd3076ca653') in 0.010020 seconds
  Import took 0.013050 seconds .

========================================================================
Received Import Request.
  Time since last request: 0.000311 seconds.
  path: Assets/Fonts/Fipps-Regular.otf
  artifactKey: Guid(ba4ddf43996f4ed4b8903ecf35693b8e) Importer(815301076,1909f56bfc062723c751e8b465ee728b)
Start importing Assets/Fonts/Fipps-Regular.otf using Guid(ba4ddf43996f4ed4b8903ecf35693b8e) Importer(815301076,1909f56bfc062723c751e8b465ee728b)  -> (artifact id: '1e609b4502117de060aff990445f5bb0') in 0.045260 seconds
  Import took 0.049513 seconds .

========================================================================
Received Import Request.
  Time since last request: 0.000300 seconds.
  path: Assets/Fonts/kongtext.ttf
  artifactKey: Guid(4896001551cd3df4ca8145f07b1c09d8) Importer(815301076,1909f56bfc062723c751e8b465ee728b)
Start importing Assets/Fonts/kongtext.ttf using Guid(4896001551cd3df4ca8145f07b1c09d8) Importer(815301076,1909f56bfc062723c751e8b465ee728b)  -> (artifact id: 'f68c363ff0874f6ef3b787c012762cef') in 0.013489 seconds
  Import took 0.018078 seconds .

========================================================================
Received Import Request.
  Time since last request: 0.000382 seconds.
  path: Assets/Fonts/upheavtt.ttf
  artifactKey: Guid(d8d4cf081cfaa3540b94c8e48cb96dc8) Importer(815301076,1909f56bfc062723c751e8b465ee728b)
Start importing Assets/Fonts/upheavtt.ttf using Guid(d8d4cf081cfaa3540b94c8e48cb96dc8) Importer(815301076,1909f56bfc062723c751e8b465ee728b)  -> (artifact id: '02f60f8b0bb21d0989beb873aa0d6b2d') in 0.013228 seconds
  Import took 0.017007 seconds .

========================================================================
Received Import Request.
  Time since last request: 0.000300 seconds.
  path: Assets/Fonts/haxrcorp_4089_cyrillic_altgr.ttf
  artifactKey: Guid(65fc5e04feb760240aa6516423edd887) Importer(815301076,1909f56bfc062723c751e8b465ee728b)
Start importing Assets/Fonts/haxrcorp_4089_cyrillic_altgr.ttf using Guid(65fc5e04feb760240aa6516423edd887) Importer(815301076,1909f56bfc062723c751e8b465ee728b)  -> (artifact id: '66b77b9eacd6214cd98c3b6f46573e28') in 0.014188 seconds
  Import took 0.018010 seconds .

========================================================================
Received Import Request.
  Time since last request: 5.853321 seconds.
  path: Assets/Render Text/Rendered text material.mat
  artifactKey: Guid(16f4df0d62411454c954fa4939dbe784) Importer(815301076,1909f56bfc062723c751e8b465ee728b)
Start importing Assets/Render Text/Rendered text material.mat using Guid(16f4df0d62411454c954fa4939dbe784) Importer(815301076,1909f56bfc062723c751e8b465ee728b)  -> (artifact id: 'c798e39bbaab2e413bf63d54f9aa70e4') in 0.051359 seconds
  Import took 0.055296 seconds .

========================================================================
Received Import Request.
  Time since last request: 0.000845 seconds.
  path: Assets/Render Text/Text Texture Render.renderTexture
  artifactKey: Guid(7e29839996312c34e828ecf73e8e5c2a) Importer(815301076,1909f56bfc062723c751e8b465ee728b)
Start importing Assets/Render Text/Text Texture Render.renderTexture using Guid(7e29839996312c34e828ecf73e8e5c2a) Importer(815301076,1909f56bfc062723c751e8b465ee728b)  -> (artifact id: '278ee34f6d2398165bb19fbf3d9657b3') in 0.041961 seconds
  Import took 0.046336 seconds .

========================================================================
Received Import Request.
  Time since last request: 3.007433 seconds.
  path: Assets/Prefabs/Particle of text.prefab
  artifactKey: Guid(e52f76e857ff7ef449618d8367c0176c) Importer(815301076,1909f56bfc062723c751e8b465ee728b)
Start importing Assets/Prefabs/Particle of text.prefab using Guid(e52f76e857ff7ef449618d8367c0176c) Importer(815301076,1909f56bfc062723c751e8b465ee728b)  -> (artifact id: '0d3921dbad87dc6102c104d24d3fe9f1') in 0.015560 seconds
  Import took 0.019589 seconds .

========================================================================
Received Import Request.
  Time since last request: 1.168827 seconds.
  path: Assets/Images/ForButtons.png
  artifactKey: Guid(28c22844b9154214d8ecd17618461ef2) Importer(815301076,1909f56bfc062723c751e8b465ee728b)
Start importing Assets/Images/ForButtons.png using Guid(28c22844b9154214d8ecd17618461ef2) Importer(815301076,1909f56bfc062723c751e8b465ee728b)  -> (artifact id: '0f61d19d33d0689065527248000d5a2c') in 0.145346 seconds
  Import took 0.148886 seconds .

========================================================================
Received Import Request.
  Time since last request: 0.000316 seconds.
  path: Assets/Images/Poty (1).png
  artifactKey: Guid(3b09691892ea3ae48a5b69eaa6136be1) Importer(815301076,1909f56bfc062723c751e8b465ee728b)
Start importing Assets/Images/Poty (1).png using Guid(3b09691892ea3ae48a5b69eaa6136be1) Importer(815301076,1909f56bfc062723c751e8b465ee728b)  -> (artifact id: 'b0d1ad372b0a931411805198869271e4') in 0.013576 seconds
  Import took 0.017432 seconds .

========================================================================
Received Import Request.
  Time since last request: 0.000399 seconds.
  path: Assets/Images/Sprout 4.png
  artifactKey: Guid(e4678167f09b3484a9013f4d5bfd92b1) Importer(815301076,1909f56bfc062723c751e8b465ee728b)
Start importing Assets/Images/Sprout 4.png using Guid(e4678167f09b3484a9013f4d5bfd92b1) Importer(815301076,1909f56bfc062723c751e8b465ee728b)  -> (artifact id: 'aafc8ab2b47690c67f3f4011509e0b20') in 0.014346 seconds
  Import took 0.019203 seconds .

========================================================================
Received Import Request.
  Time since last request: 0.000390 seconds.
  path: Assets/Images/Icon 4.png
  artifactKey: Guid(85d3833b5b609f6449244f0586d706f9) Importer(815301076,1909f56bfc062723c751e8b465ee728b)
Start importing Assets/Images/Icon 4.png using Guid(85d3833b5b609f6449244f0586d706f9) Importer(815301076,1909f56bfc062723c751e8b465ee728b)  -> (artifact id: 'ae37db6e31b19ec65f9a523f8f48f8b7') in 0.015066 seconds
  Import took 0.021010 seconds .

========================================================================
Received Import Request.
  Time since last request: 0.000536 seconds.
  path: Assets/Images/Icon 4.2.png
  artifactKey: Guid(dcaa2320a885615479b7304783d3a4b3) Importer(815301076,1909f56bfc062723c751e8b465ee728b)
Start importing Assets/Images/Icon 4.2.png using Guid(dcaa2320a885615479b7304783d3a4b3) Importer(815301076,1909f56bfc062723c751e8b465ee728b)  -> (artifact id: '4aea0ed3dbc634b56c22e4976f95786a') in 0.013739 seconds
  Import took 0.018350 seconds .

========================================================================
Received Import Request.
  Time since last request: 0.000437 seconds.
  path: Assets/Images/Shop.png
  artifactKey: Guid(eff749c70dc69d543bc53f4f367ec370) Importer(815301076,1909f56bfc062723c751e8b465ee728b)
Start importing Assets/Images/Shop.png using Guid(eff749c70dc69d543bc53f4f367ec370) Importer(815301076,1909f56bfc062723c751e8b465ee728b)  -> (artifact id: 'c5091a961e8e43e60e43bc81686df0e9') in 0.019714 seconds
  Import took 0.024323 seconds .

========================================================================
Received Import Request.
  Time since last request: 0.000421 seconds.
  path: Assets/Images/Shelf.png
  artifactKey: Guid(a46226ccf60f66047ad7bd60868a7c0b) Importer(815301076,1909f56bfc062723c751e8b465ee728b)
Start importing Assets/Images/Shelf.png using Guid(a46226ccf60f66047ad7bd60868a7c0b) Importer(815301076,1909f56bfc062723c751e8b465ee728b)  -> (artifact id: '800bd3ee601d684b835b72744f9649e3') in 0.014206 seconds
  Import took 0.018844 seconds .

========================================================================
Received Import Request.
  Time since last request: 0.000443 seconds.
  path: Assets/Images/Icon 3.png
  artifactKey: Guid(bfdb42c737e092c4e99dbe3cf0d21c03) Importer(815301076,1909f56bfc062723c751e8b465ee728b)
Start importing Assets/Images/Icon 3.png using Guid(bfdb42c737e092c4e99dbe3cf0d21c03) Importer(815301076,1909f56bfc062723c751e8b465ee728b)  -> (artifact id: '3ac4a1c5816a59df2353e7fe059ea62d') in 0.016141 seconds
  Import took 0.022208 seconds .

AssetImportWorkerClient::OnTransportError - code=2 error=End of file
